<?xml version="1.0" encoding="UTF-8"?>
<!-- Generated by org.testng.reporters.JUnitReportReporter -->
<testsuite hostname="LAPTOP-8AAVMEOH" failures="0" tests="1" name="com.amazon.qa.testcases.CheckoutTest" time="23.671" errors="0" timestamp="2021-04-23T11:25:34 MST" skipped="0">
  <testcase classname="com.amazon.qa.testcases.CheckoutTest" name="checkoutTest" time="23.671"/>
  <system-out/>
</testsuite> <!-- com.amazon.qa.testcases.CheckoutTest -->
