<?xml version="1.0" encoding="UTF-8"?>
<!-- Generated by org.testng.reporters.JUnitReportReporter -->
<testsuite hostname="LAPTOP-8AAVMEOH" failures="0" tests="1" name="com.amazon.qa.testcases.CartTest" time="22.041" errors="0" timestamp="2021-04-23T11:25:34 MST" skipped="0">
  <testcase classname="com.amazon.qa.testcases.CartTest" name="cartTest" time="22.041"/>
  <system-out/>
</testsuite> <!-- com.amazon.qa.testcases.CartTest -->
