<?xml version="1.0" encoding="UTF-8"?>
<!-- Generated by org.testng.reporters.JUnitReportReporter -->
<testsuite hostname="LAPTOP-8AAVMEOH" failures="0" tests="1" name="com.amazon.qa.testcases.HomeTest" time="8.457" errors="0" timestamp="2021-04-23T00:07:50 MST" skipped="0">
  <testcase classname="com.amazon.qa.testcases.HomeTest" name="searchBoxTest" time="8.457"/>
  <system-out/>
</testsuite> <!-- com.amazon.qa.testcases.HomeTest -->
