<?xml version="1.0" encoding="UTF-8"?>
<!-- Generated by org.testng.reporters.JUnitReportReporter -->
<testsuite hostname="LAPTOP-8AAVMEOH" failures="0" tests="1" name="com.amazon.qa.testcases.CheckoutTest" time="18.895" errors="0" timestamp="2021-04-23T00:04:38 MST" skipped="0">
  <testcase classname="com.amazon.qa.testcases.CheckoutTest" name="checkoutTest" time="18.895"/>
  <system-out/>
</testsuite> <!-- com.amazon.qa.testcases.CheckoutTest -->
