<?xml version="1.0" encoding="UTF-8"?>
<!-- Generated by org.testng.reporters.JUnitReportReporter -->
<testsuite hostname="LAPTOP-8AAVMEOH" failures="0" tests="1" name="com.amazon.qa.testcases.ProductListingTest" time="11.763" errors="0" timestamp="2021-04-23T00:04:38 MST" skipped="0">
  <testcase classname="com.amazon.qa.testcases.ProductListingTest" name="productListingTest" time="11.763"/>
  <system-out/>
</testsuite> <!-- com.amazon.qa.testcases.ProductListingTest -->
