<?xml version="1.0" encoding="UTF-8"?>
<!-- Generated by org.testng.reporters.JUnitReportReporter -->
<testsuite hostname="LAPTOP-8AAVMEOH" failures="0" tests="1" name="com.amazon.qa.testcases.HomeTest" time="9.029" errors="0" timestamp="2021-04-23T00:04:38 MST" skipped="0">
  <testcase classname="com.amazon.qa.testcases.HomeTest" name="searchBoxTest" time="9.029"/>
  <system-out/>
</testsuite> <!-- com.amazon.qa.testcases.HomeTest -->
